[debug] [2024-12-14T06:38:07.322Z] ----------------------------------------------------------------------
[debug] [2024-12-14T06:38:07.325Z] Command:       C:\Program Files\nodejs\node.exe C:\Program Files\nodejs\node_modules\firebase-tools\lib\bin\firebase.js init
[debug] [2024-12-14T06:38:07.325Z] CLI Version:   13.29.1
[debug] [2024-12-14T06:38:07.325Z] Platform:      win32
[debug] [2024-12-14T06:38:07.325Z] Node Version:  v22.11.0
[debug] [2024-12-14T06:38:07.326Z] Time:          Sat Dec 14 2024 15:38:07 GMT+0900 (대한민국 표준시)
[debug] [2024-12-14T06:38:07.326Z] ----------------------------------------------------------------------
[debug] 
[debug] [2024-12-14T06:38:07.328Z] >>> [apiv2][query] GET https://firebase-public.firebaseio.com/cli.json [none]
[debug] [2024-12-14T06:38:07.367Z] > command requires scopes: ["email","openid","https://www.googleapis.com/auth/cloudplatformprojects.readonly","https://www.googleapis.com/auth/firebase","https://www.googleapis.com/auth/cloud-platform"]
[debug] [2024-12-14T06:38:07.368Z] > authorizing via signed-in user (whoneykim@gmail.com)
[info] 
     ######## #### ########  ######## ########     ###     ######  ########
     ##        ##  ##     ## ##       ##     ##  ##   ##  ##       ##
     ######    ##  ########  ######   ########  #########  ######  ######
     ##        ##  ##    ##  ##       ##     ## ##     ##       ## ##
     ##       #### ##     ## ######## ########  ##     ##  ######  ########

You're about to initialize a Firebase project in this directory:

  C:\Users\khw03\Desktop\TaleScape

[debug] [2024-12-14T06:38:07.766Z] <<< [apiv2][status] GET https://firebase-public.firebaseio.com/cli.json 200
[debug] [2024-12-14T06:38:07.766Z] <<< [apiv2][body] GET https://firebase-public.firebaseio.com/cli.json {"cloudBuildErrorAfter":1594252800000,"cloudBuildWarnAfter":1590019200000,"defaultNode10After":1594252800000,"minVersion":"3.0.5","node8DeploysDisabledAfter":1613390400000,"node8RuntimeDisabledAfter":1615809600000,"node8WarnAfter":1600128000000}
